{"/Users/alejandrosacripanti/Desktop/extra_springboard/express-biztime/app.js": {"path":"/Users/alejandrosacripanti/Desktop/extra_springboard/express-biztime/app.js","statementMap":{"0":{"start":{"line":3,"column":16},"end":{"line":3,"column":34}},"1":{"start":{"line":5,"column":12},"end":{"line":5,"column":21}},"2":{"start":{"line":6,"column":21},"end":{"line":6,"column":46}},"3":{"start":{"line":7,"column":24},"end":{"line":7,"column":54}},"4":{"start":{"line":8,"column":23},"end":{"line":8,"column":51}},"5":{"start":{"line":10,"column":0},"end":{"line":10,"column":24}},"6":{"start":{"line":11,"column":0},"end":{"line":11,"column":39}},"7":{"start":{"line":12,"column":0},"end":{"line":12,"column":37}},"8":{"start":{"line":17,"column":0},"end":{"line":20,"column":3}},"9":{"start":{"line":18,"column":14},"end":{"line":18,"column":48}},"10":{"start":{"line":19,"column":2},"end":{"line":19,"column":19}},"11":{"start":{"line":24,"column":0},"end":{"line":31,"column":3}},"12":{"start":{"line":25,"column":2},"end":{"line":25,"column":32}},"13":{"start":{"line":27,"column":2},"end":{"line":30,"column":5}},"14":{"start":{"line":34,"column":0},"end":{"line":34,"column":21}}},"fnMap":{"0":{"name":"(anonymous_0)","decl":{"start":{"line":17,"column":8},"end":{"line":17,"column":9}},"loc":{"start":{"line":17,"column":33},"end":{"line":20,"column":1}},"line":17},"1":{"name":"(anonymous_1)","decl":{"start":{"line":24,"column":8},"end":{"line":24,"column":9}},"loc":{"start":{"line":24,"column":33},"end":{"line":31,"column":1}},"line":24}},"branchMap":{"0":{"loc":{"start":{"line":25,"column":13},"end":{"line":25,"column":30}},"type":"binary-expr","locations":[{"start":{"line":25,"column":13},"end":{"line":25,"column":23}},{"start":{"line":25,"column":27},"end":{"line":25,"column":30}}],"line":25}},"s":{"0":1,"1":1,"2":1,"3":1,"4":1,"5":1,"6":1,"7":1,"8":1,"9":0,"10":0,"11":1,"12":0,"13":0,"14":1},"f":{"0":0,"1":0},"b":{"0":[0,0]},"_coverageSchema":"1a1c01bbd47fc00a2c39e90264f33305004495a9","hash":"a4554793d160aeb623b02ab784c99ed5b010046b"}
,"/Users/alejandrosacripanti/Desktop/extra_springboard/express-biztime/db.js": {"path":"/Users/alejandrosacripanti/Desktop/extra_springboard/express-biztime/db.js","statementMap":{"0":{"start":{"line":2,"column":19},"end":{"line":2,"column":32}},"1":{"start":{"line":4,"column":15},"end":{"line":6,"column":2}},"2":{"start":{"line":8,"column":0},"end":{"line":8,"column":17}},"3":{"start":{"line":10,"column":0},"end":{"line":10,"column":24}}},"fnMap":{},"branchMap":{},"s":{"0":1,"1":1,"2":1,"3":1},"f":{},"b":{},"_coverageSchema":"1a1c01bbd47fc00a2c39e90264f33305004495a9","hash":"0a5f0b881a6aea8929d79a84af1b827c66c9b56a"}
,"/Users/alejandrosacripanti/Desktop/extra_springboard/express-biztime/expressError.js": {"path":"/Users/alejandrosacripanti/Desktop/extra_springboard/express-biztime/expressError.js","statementMap":{"0":{"start":{"line":9,"column":4},"end":{"line":9,"column":12}},"1":{"start":{"line":10,"column":4},"end":{"line":10,"column":27}},"2":{"start":{"line":11,"column":4},"end":{"line":11,"column":25}},"3":{"start":{"line":12,"column":4},"end":{"line":12,"column":30}},"4":{"start":{"line":17,"column":0},"end":{"line":17,"column":30}}},"fnMap":{"0":{"name":"(anonymous_0)","decl":{"start":{"line":8,"column":2},"end":{"line":8,"column":3}},"loc":{"start":{"line":8,"column":31},"end":{"line":13,"column":3}},"line":8}},"branchMap":{},"s":{"0":0,"1":0,"2":0,"3":0,"4":1},"f":{"0":0},"b":{},"_coverageSchema":"1a1c01bbd47fc00a2c39e90264f33305004495a9","hash":"052b61abc9797c7debae66a277fdfe9d5e13a2de"}
,"/Users/alejandrosacripanti/Desktop/extra_springboard/express-biztime/routes/companies.js": {"path":"/Users/alejandrosacripanti/Desktop/extra_springboard/express-biztime/routes/companies.js","statementMap":{"0":{"start":{"line":1,"column":11},"end":{"line":1,"column":27}},"1":{"start":{"line":2,"column":16},"end":{"line":2,"column":34}},"2":{"start":{"line":3,"column":15},"end":{"line":3,"column":31}},"3":{"start":{"line":6,"column":0},"end":{"line":14,"column":3}},"4":{"start":{"line":7,"column":4},"end":{"line":13,"column":5}},"5":{"start":{"line":8,"column":26},"end":{"line":8,"column":76}},"6":{"start":{"line":9,"column":8},"end":{"line":9,"column":55}},"7":{"start":{"line":11,"column":8},"end":{"line":11,"column":27}},"8":{"start":{"line":12,"column":8},"end":{"line":12,"column":72}},"9":{"start":{"line":16,"column":0},"end":{"line":26,"column":3}},"10":{"start":{"line":17,"column":4},"end":{"line":25,"column":5}},"11":{"start":{"line":18,"column":25},"end":{"line":18,"column":35}},"12":{"start":{"line":19,"column":24},"end":{"line":20,"column":80}},"13":{"start":{"line":21,"column":8},"end":{"line":21,"column":54}},"14":{"start":{"line":23,"column":8},"end":{"line":23,"column":27}},"15":{"start":{"line":24,"column":8},"end":{"line":24,"column":72}},"16":{"start":{"line":28,"column":0},"end":{"line":49,"column":3}},"17":{"start":{"line":29,"column":4},"end":{"line":46,"column":5}},"18":{"start":{"line":30,"column":44},"end":{"line":30,"column":52}},"19":{"start":{"line":32,"column":8},"end":{"line":34,"column":9}},"20":{"start":{"line":33,"column":12},"end":{"line":33,"column":80}},"21":{"start":{"line":36,"column":23},"end":{"line":39,"column":9}},"22":{"start":{"line":41,"column":8},"end":{"line":41,"column":65}},"23":{"start":{"line":44,"column":8},"end":{"line":44,"column":27}},"24":{"start":{"line":45,"column":8},"end":{"line":45,"column":71}},"25":{"start":{"line":51,"column":0},"end":{"line":74,"column":3}},"26":{"start":{"line":52,"column":4},"end":{"line":73,"column":5}},"27":{"start":{"line":53,"column":25},"end":{"line":53,"column":35}},"28":{"start":{"line":54,"column":38},"end":{"line":54,"column":46}},"29":{"start":{"line":56,"column":32},"end":{"line":56,"column":97}},"30":{"start":{"line":58,"column":8},"end":{"line":61,"column":9}},"31":{"start":{"line":60,"column":12},"end":{"line":60,"column":72}},"32":{"start":{"line":63,"column":23},"end":{"line":66,"column":9}},"33":{"start":{"line":68,"column":8},"end":{"line":68,"column":55}},"34":{"start":{"line":71,"column":8},"end":{"line":71,"column":27}},"35":{"start":{"line":72,"column":8},"end":{"line":72,"column":72}},"36":{"start":{"line":76,"column":0},"end":{"line":94,"column":2}},"37":{"start":{"line":77,"column":4},"end":{"line":93,"column":5}},"38":{"start":{"line":78,"column":25},"end":{"line":78,"column":35}},"39":{"start":{"line":80,"column":32},"end":{"line":80,"column":97}},"40":{"start":{"line":82,"column":8},"end":{"line":84,"column":9}},"41":{"start":{"line":83,"column":12},"end":{"line":83,"column":71}},"42":{"start":{"line":86,"column":8},"end":{"line":86,"column":72}},"43":{"start":{"line":88,"column":8},"end":{"line":88,"column":47}},"44":{"start":{"line":91,"column":8},"end":{"line":91,"column":27}},"45":{"start":{"line":92,"column":8},"end":{"line":92,"column":72}},"46":{"start":{"line":96,"column":0},"end":{"line":96,"column":24}}},"fnMap":{"0":{"name":"(anonymous_0)","decl":{"start":{"line":6,"column":16},"end":{"line":6,"column":17}},"loc":{"start":{"line":6,"column":36},"end":{"line":14,"column":1}},"line":6},"1":{"name":"(anonymous_1)","decl":{"start":{"line":16,"column":21},"end":{"line":16,"column":22}},"loc":{"start":{"line":16,"column":41},"end":{"line":26,"column":1}},"line":16},"2":{"name":"(anonymous_2)","decl":{"start":{"line":28,"column":17},"end":{"line":28,"column":18}},"loc":{"start":{"line":28,"column":37},"end":{"line":49,"column":1}},"line":28},"3":{"name":"(anonymous_3)","decl":{"start":{"line":51,"column":21},"end":{"line":51,"column":22}},"loc":{"start":{"line":51,"column":41},"end":{"line":74,"column":1}},"line":51},"4":{"name":"(anonymous_4)","decl":{"start":{"line":76,"column":24},"end":{"line":76,"column":25}},"loc":{"start":{"line":76,"column":44},"end":{"line":94,"column":1}},"line":76}},"branchMap":{"0":{"loc":{"start":{"line":32,"column":8},"end":{"line":34,"column":9}},"type":"if","locations":[{"start":{"line":32,"column":8},"end":{"line":34,"column":9}},{"start":{},"end":{}}],"line":32},"1":{"loc":{"start":{"line":32,"column":11},"end":{"line":32,"column":25}},"type":"binary-expr","locations":[{"start":{"line":32,"column":11},"end":{"line":32,"column":16}},{"start":{"line":32,"column":20},"end":{"line":32,"column":25}}],"line":32},"2":{"loc":{"start":{"line":58,"column":8},"end":{"line":61,"column":9}},"type":"if","locations":[{"start":{"line":58,"column":8},"end":{"line":61,"column":9}},{"start":{},"end":{}}],"line":58},"3":{"loc":{"start":{"line":82,"column":8},"end":{"line":84,"column":9}},"type":"if","locations":[{"start":{"line":82,"column":8},"end":{"line":84,"column":9}},{"start":{},"end":{}}],"line":82}},"s":{"0":1,"1":1,"2":1,"3":1,"4":1,"5":1,"6":1,"7":0,"8":0,"9":1,"10":2,"11":2,"12":2,"13":2,"14":0,"15":0,"16":1,"17":0,"18":0,"19":0,"20":0,"21":0,"22":0,"23":0,"24":0,"25":1,"26":0,"27":0,"28":0,"29":0,"30":0,"31":0,"32":0,"33":0,"34":0,"35":0,"36":1,"37":0,"38":0,"39":0,"40":0,"41":0,"42":0,"43":0,"44":0,"45":0,"46":1},"f":{"0":1,"1":2,"2":0,"3":0,"4":0},"b":{"0":[0,0],"1":[0,0],"2":[0,0],"3":[0,0]},"_coverageSchema":"1a1c01bbd47fc00a2c39e90264f33305004495a9","hash":"914f42943109b4603ade0a672cc4a18db898f727"}
,"/Users/alejandrosacripanti/Desktop/extra_springboard/express-biztime/routes/invoices.js": {"path":"/Users/alejandrosacripanti/Desktop/extra_springboard/express-biztime/routes/invoices.js","statementMap":{"0":{"start":{"line":1,"column":11},"end":{"line":1,"column":27}},"1":{"start":{"line":2,"column":16},"end":{"line":2,"column":34}},"2":{"start":{"line":3,"column":15},"end":{"line":3,"column":31}},"3":{"start":{"line":5,"column":0},"end":{"line":14,"column":3}},"4":{"start":{"line":6,"column":4},"end":{"line":13,"column":5}},"5":{"start":{"line":7,"column":25},"end":{"line":7,"column":77}},"6":{"start":{"line":8,"column":8},"end":{"line":8,"column":55}},"7":{"start":{"line":11,"column":8},"end":{"line":11,"column":27}},"8":{"start":{"line":12,"column":8},"end":{"line":12,"column":72}},"9":{"start":{"line":16,"column":0},"end":{"line":38,"column":3}},"10":{"start":{"line":17,"column":4},"end":{"line":37,"column":5}},"11":{"start":{"line":18,"column":23},"end":{"line":18,"column":33}},"12":{"start":{"line":20,"column":24},"end":{"line":26,"column":9}},"13":{"start":{"line":28,"column":8},"end":{"line":30,"column":9}},"14":{"start":{"line":29,"column":12},"end":{"line":29,"column":72}},"15":{"start":{"line":32,"column":8},"end":{"line":32,"column":56}},"16":{"start":{"line":35,"column":8},"end":{"line":35,"column":27}},"17":{"start":{"line":36,"column":8},"end":{"line":36,"column":71}},"18":{"start":{"line":40,"column":0},"end":{"line":58,"column":3}},"19":{"start":{"line":41,"column":4},"end":{"line":57,"column":5}},"20":{"start":{"line":42,"column":35},"end":{"line":42,"column":43}},"21":{"start":{"line":44,"column":8},"end":{"line":46,"column":9}},"22":{"start":{"line":45,"column":12},"end":{"line":45,"column":91}},"23":{"start":{"line":48,"column":23},"end":{"line":51,"column":9}},"24":{"start":{"line":53,"column":8},"end":{"line":53,"column":55}},"25":{"start":{"line":55,"column":8},"end":{"line":55,"column":27}},"26":{"start":{"line":56,"column":8},"end":{"line":56,"column":72}},"27":{"start":{"line":60,"column":0},"end":{"line":80,"column":3}},"28":{"start":{"line":61,"column":4},"end":{"line":79,"column":5}},"29":{"start":{"line":62,"column":23},"end":{"line":62,"column":33}},"30":{"start":{"line":63,"column":24},"end":{"line":63,"column":32}},"31":{"start":{"line":65,"column":32},"end":{"line":65,"column":93}},"32":{"start":{"line":67,"column":8},"end":{"line":69,"column":9}},"33":{"start":{"line":68,"column":12},"end":{"line":68,"column":71}},"34":{"start":{"line":71,"column":23},"end":{"line":74,"column":9}},"35":{"start":{"line":75,"column":8},"end":{"line":75,"column":55}},"36":{"start":{"line":77,"column":8},"end":{"line":77,"column":27}},"37":{"start":{"line":78,"column":8},"end":{"line":78,"column":72}},"38":{"start":{"line":82,"column":0},"end":{"line":100,"column":3}},"39":{"start":{"line":83,"column":4},"end":{"line":99,"column":5}},"40":{"start":{"line":84,"column":23},"end":{"line":84,"column":33}},"41":{"start":{"line":86,"column":32},"end":{"line":86,"column":92}},"42":{"start":{"line":88,"column":8},"end":{"line":90,"column":9}},"43":{"start":{"line":89,"column":12},"end":{"line":89,"column":72}},"44":{"start":{"line":92,"column":8},"end":{"line":92,"column":67}},"45":{"start":{"line":94,"column":8},"end":{"line":94,"column":47}},"46":{"start":{"line":97,"column":8},"end":{"line":97,"column":27}},"47":{"start":{"line":98,"column":8},"end":{"line":98,"column":72}},"48":{"start":{"line":103,"column":0},"end":{"line":103,"column":24}}},"fnMap":{"0":{"name":"(anonymous_0)","decl":{"start":{"line":5,"column":16},"end":{"line":5,"column":17}},"loc":{"start":{"line":5,"column":36},"end":{"line":14,"column":1}},"line":5},"1":{"name":"(anonymous_1)","decl":{"start":{"line":16,"column":19},"end":{"line":16,"column":20}},"loc":{"start":{"line":16,"column":39},"end":{"line":38,"column":1}},"line":16},"2":{"name":"(anonymous_2)","decl":{"start":{"line":40,"column":17},"end":{"line":40,"column":18}},"loc":{"start":{"line":40,"column":37},"end":{"line":58,"column":1}},"line":40},"3":{"name":"(anonymous_3)","decl":{"start":{"line":60,"column":19},"end":{"line":60,"column":20}},"loc":{"start":{"line":60,"column":39},"end":{"line":80,"column":1}},"line":60},"4":{"name":"(anonymous_4)","decl":{"start":{"line":82,"column":22},"end":{"line":82,"column":23}},"loc":{"start":{"line":82,"column":42},"end":{"line":100,"column":1}},"line":82}},"branchMap":{"0":{"loc":{"start":{"line":28,"column":8},"end":{"line":30,"column":9}},"type":"if","locations":[{"start":{"line":28,"column":8},"end":{"line":30,"column":9}},{"start":{},"end":{}}],"line":28},"1":{"loc":{"start":{"line":44,"column":8},"end":{"line":46,"column":9}},"type":"if","locations":[{"start":{"line":44,"column":8},"end":{"line":46,"column":9}},{"start":{},"end":{}}],"line":44},"2":{"loc":{"start":{"line":44,"column":12},"end":{"line":44,"column":30}},"type":"binary-expr","locations":[{"start":{"line":44,"column":12},"end":{"line":44,"column":22}},{"start":{"line":44,"column":26},"end":{"line":44,"column":30}}],"line":44},"3":{"loc":{"start":{"line":67,"column":8},"end":{"line":69,"column":9}},"type":"if","locations":[{"start":{"line":67,"column":8},"end":{"line":69,"column":9}},{"start":{},"end":{}}],"line":67},"4":{"loc":{"start":{"line":88,"column":8},"end":{"line":90,"column":9}},"type":"if","locations":[{"start":{"line":88,"column":8},"end":{"line":90,"column":9}},{"start":{},"end":{}}],"line":88}},"s":{"0":1,"1":1,"2":1,"3":1,"4":0,"5":0,"6":0,"7":0,"8":0,"9":1,"10":0,"11":0,"12":0,"13":0,"14":0,"15":0,"16":0,"17":0,"18":1,"19":0,"20":0,"21":0,"22":0,"23":0,"24":0,"25":0,"26":0,"27":1,"28":0,"29":0,"30":0,"31":0,"32":0,"33":0,"34":0,"35":0,"36":0,"37":0,"38":1,"39":0,"40":0,"41":0,"42":0,"43":0,"44":0,"45":0,"46":0,"47":0,"48":1},"f":{"0":0,"1":0,"2":0,"3":0,"4":0},"b":{"0":[0,0],"1":[0,0],"2":[0,0],"3":[0,0],"4":[0,0]},"_coverageSchema":"1a1c01bbd47fc00a2c39e90264f33305004495a9","hash":"fe167ba9fa841d67a6562bdcb9030fed1d0f7232"}
}
